<?xml version="1.0" encoding="UTF-8"?>
<!-- Generated by org.testng.reporters.JUnitXMLReporter -->
<testsuite hostname="WKWIN9107876" ignored="0" name="Surefire test" tests="6" failures="0" timestamp="2021-08-07T11:46:44 IST" time="0.094" errors="0">
  <testcase name="AndroidTest" time="0.005" classname="mywalgreens.AppiumTest"/>
  <testcase name="iOSTest" time="0.0" classname="mywalgreens.AppiumTest"/>
  <testcase name="PostTest" time="0.0" classname="mywalgreens.RestAPITest"/>
  <testcase name="PutTest" time="0.0" classname="mywalgreens.RestAPITest"/>
  <testcase name="BrowserTest" time="0.001" classname="mywalgreens.SeleniumTest"/>
  <testcase name="BrowserTest2" time="0.0" classname="mywalgreens.SeleniumTest"/>
</testsuite> <!-- Surefire test -->
